A D/base////
A D/binary////
A D/breakers////
A D/changes////
A D/code////
A D/composite////
A D/delegates////
A D/deprecation////
A D/genericize////
A D/generics////
A D/nls////
A D/participants////
A D/rename////
A D/reorg////
A D/reorg2////
A D/scripting////
A D/sef////
A D/structure////
A D/surround////
A D/tagging////
A D/text////
A D/typeconstraints////
A D/typeconstraints2////
A D/util////
R D/text////
R D/reorg2////
R D/genericize////
R D/deprecation////
R D/composite////
R D/breakers////
