A D/.externalToolBuilders////
A D/.settings////
A D/META-INF////
A D/about_files////
A D/core codemanipulation////
A D/core extension////
A D/core refactoring////
A D/dictionaries////
A D/doc////
A D/icons////
A D/jar in jar loader////
A D/nls////
A D/notes////
A D/schema////
A D/scripts////
A D/serial support////
A D/templates////
A D/test////
A D/ui////
A D/ui debug////
A D/ui refactoring////
R D/ui debug////
R D/test////
R D/serial support////
R D/nls////
R D/doc////
R D/core codemanipulation////
