A D/actions////
A D/browsing////
A D/callhierarchy////
A D/codemanipulation////
A D/commands////
A D/compare////
A D/deprecation////
A D/dialogs////
A D/dnd////
A D/filters////
A D/fix////
A D/infoviews////
A D/jarexporter////
A D/jarimport////
A D/jarpackager////
A D/jarpackagerfat////
A D/javadocexport////
A D/javaeditor////
A D/launcher////
A D/model////
A D/navigator////
A D/packageview////
A D/preferences////
A D/propertiesfileeditor////
A D/reorg////
A D/search////
A D/snippeteditor////
A D/text////
A D/typehierarchy////
A D/util////
A D/viewsupport////
A D/widgets////
A D/wizards////
A D/workingsets////
R D/widgets////
R D/snippeteditor////
R D/reorg////
R D/launcher////
R D/jarexporter////
R D/deprecation////
R D/codemanipulation////
